0 info it worked if it ends with ok
1 verbose cli [ '/usr/bin/node', '/usr/bin/npm', 'run', 'compile' ]
2 info using npm@3.5.2
3 info using node@v8.10.0
4 verbose run-script [ 'precompile', 'compile', 'postcompile' ]
5 info lifecycle boilerplate-extension@~precompile: boilerplate-extension@
6 silly lifecycle boilerplate-extension@~precompile: no script for precompile, continuing
7 info lifecycle boilerplate-extension@~compile: boilerplate-extension@
8 verbose lifecycle boilerplate-extension@~compile: unsafe-perm in lifecycle true
9 verbose lifecycle boilerplate-extension@~compile: PATH: /usr/share/npm/bin/node-gyp-bin:/home/beatriz/projects/holon.extension.plugin/node_modules/.bin:/usr/local/sbin:/usr/local/bin:/usr/sbin:/usr/bin:/sbin:/bin:/usr/games:/usr/local/games:/snap/bin:/usr/local/go/bin:/home/beatriz/projects/go/bin
10 verbose lifecycle boilerplate-extension@~compile: CWD: /home/beatriz/projects/holon.extension.plugin
11 silly lifecycle boilerplate-extension@~compile: Args: [ '-c',
11 silly lifecycle   'webpack --config webpack.react.js && webpack --config webpack.extension.js' ]
12 silly lifecycle boilerplate-extension@~compile: Returned: code: 2  signal: null
13 info lifecycle boilerplate-extension@~compile: Failed to exec compile script
14 verbose stack Error: boilerplate-extension@ compile: `webpack --config webpack.react.js && webpack --config webpack.extension.js`
14 verbose stack Exit status 2
14 verbose stack     at EventEmitter.<anonymous> (/usr/share/npm/lib/utils/lifecycle.js:232:16)
14 verbose stack     at emitTwo (events.js:126:13)
14 verbose stack     at EventEmitter.emit (events.js:214:7)
14 verbose stack     at ChildProcess.<anonymous> (/usr/share/npm/lib/utils/spawn.js:24:14)
14 verbose stack     at emitTwo (events.js:126:13)
14 verbose stack     at ChildProcess.emit (events.js:214:7)
14 verbose stack     at maybeClose (internal/child_process.js:925:16)
14 verbose stack     at Process.ChildProcess._handle.onexit (internal/child_process.js:209:5)
15 verbose pkgid boilerplate-extension@
16 verbose cwd /home/beatriz/projects/holon.extension.plugin
17 error Linux 4.18.0-25-generic
18 error argv "/usr/bin/node" "/usr/bin/npm" "run" "compile"
19 error node v8.10.0
20 error npm  v3.5.2
21 error code ELIFECYCLE
22 error boilerplate-extension@ compile: `webpack --config webpack.react.js && webpack --config webpack.extension.js`
22 error Exit status 2
23 error Failed at the boilerplate-extension@ compile script 'webpack --config webpack.react.js && webpack --config webpack.extension.js'.
23 error Make sure you have the latest version of node.js and npm installed.
23 error If you do, this is most likely a problem with the boilerplate-extension package,
23 error not with npm itself.
23 error Tell the author that this fails on your system:
23 error     webpack --config webpack.react.js && webpack --config webpack.extension.js
23 error You can get information on how to open an issue for this project with:
23 error     npm bugs boilerplate-extension
23 error Or if that isn't available, you can get their info via:
23 error     npm owner ls boilerplate-extension
23 error There is likely additional logging output above.
24 verbose exit [ 1, true ]
